<?xml version="1.0" encoding="UTF-8"?>
<testng-results skipped="0" failed="0" ignored="0" total="1" passed="1">
  <reporter-output>
  </reporter-output>
  <suite name="Suite" duration-ms="7059" started-at="2019-08-01T09:56:57Z" finished-at="2019-08-01T09:57:04Z">
    <groups>
    </groups>
    <test name="Test" duration-ms="7059" started-at="2019-08-01T09:56:57Z" finished-at="2019-08-01T09:57:04Z">
      <class name="com.pom.tests.Test99GuruLogin">
        <test-method status="PASS" signature="setup()[pri:0, instance:com.pom.tests.Test99GuruLogin@ae45eb6]" name="setup" is-config="true" duration-ms="4594" started-at="2019-08-01T15:26:57Z" finished-at="2019-08-01T15:27:01Z">
          <reporter-output>
          </reporter-output>
        </test-method> <!-- setup -->
        <test-method status="PASS" signature="test_Home_Page_Appear_Correct(java.lang.reflect.Method)[pri:1, instance:com.pom.tests.Test99GuruLogin@ae45eb6]" name="test_Home_Page_Appear_Correct" duration-ms="1768" started-at="2019-08-01T15:27:01Z" finished-at="2019-08-01T15:27:03Z">
          <params>
            <param index="0">
              <value>
                <![CDATA[public void com.pom.tests.Test99GuruLogin.test_Home_Page_Appear_Correct(java.lang.reflect.Method)]]>
              </value>
            </param>
          </params>
          <reporter-output>
          </reporter-output>
        </test-method> <!-- test_Home_Page_Appear_Correct -->
        <test-method status="PASS" signature="tearDown()[pri:0, instance:com.pom.tests.Test99GuruLogin@ae45eb6]" name="tearDown" is-config="true" duration-ms="679" started-at="2019-08-01T15:27:03Z" finished-at="2019-08-01T15:27:04Z">
          <reporter-output>
          </reporter-output>
        </test-method> <!-- tearDown -->
      </class> <!-- com.pom.tests.Test99GuruLogin -->
    </test> <!-- Test -->
  </suite> <!-- Suite -->
</testng-results>
